<?xml version="1.0" encoding="UTF-8"?>
<testng-results ignored="0" total="2" passed="2" failed="0" skipped="0">
  <reporter-output>
  </reporter-output>
  <suite started-at="2022-12-16T23:15:01 BDT" name="Default suite" finished-at="2022-12-16T23:17:33 BDT" duration-ms="152337">
    <groups>
    </groups>
    <test started-at="2022-12-16T23:15:01 BDT" name="Default test" finished-at="2022-12-16T23:17:33 BDT" duration-ms="152337">
      <class name="Exam.SeleniumAutomationExam.Hover">
        <test-method is-config="true" signature="start()[pri:0, instance:Exam.SeleniumAutomationExam.Hover@65fb9ffc]" started-at="2022-12-16T23:14:58 BDT" name="start" finished-at="2022-12-16T23:15:01 BDT" duration-ms="2392" status="PASS">
          <reporter-output>
          </reporter-output>
        </test-method> <!-- start -->
        <test-method signature="openURL()[pri:0, instance:Exam.SeleniumAutomationExam.Hover@65fb9ffc]" started-at="2022-12-16T23:15:01 BDT" name="openURL" finished-at="2022-12-16T23:15:28 BDT" duration-ms="27603" status="PASS">
          <reporter-output>
          </reporter-output>
        </test-method> <!-- openURL -->
        <test-method signature="scenario_5()[pri:1, instance:Exam.SeleniumAutomationExam.Hover@65fb9ffc]" started-at="2022-12-16T23:15:28 BDT" name="scenario_5" finished-at="2022-12-16T23:17:33 BDT" duration-ms="124693" status="PASS">
          <reporter-output>
          </reporter-output>
        </test-method> <!-- scenario_5 -->
        <test-method is-config="true" signature="end()[pri:0, instance:Exam.SeleniumAutomationExam.Hover@65fb9ffc]" started-at="2022-12-16T23:17:33 BDT" name="end" finished-at="2022-12-16T23:17:33 BDT" duration-ms="212" status="PASS">
          <reporter-output>
          </reporter-output>
        </test-method> <!-- end -->
      </class> <!-- Exam.SeleniumAutomationExam.Hover -->
    </test> <!-- Default test -->
  </suite> <!-- Default suite -->
</testng-results>
